0 info it worked if it ends with ok
1 verbose cli [ 'D:\\Program Files\\nodejs\\node.exe',
1 verbose cli   'D:\\Program Files\\nodejs\\node_modules\\npm\\bin\\npm-cli.js',
1 verbose cli   'start' ]
2 info using npm@3.10.10
3 info using node@v6.11.5
4 verbose run-script [ 'prestart', 'start', 'poststart' ]
5 info lifecycle jaysefapp@1.0.0~prestart: jaysefapp@1.0.0
6 silly lifecycle jaysefapp@1.0.0~prestart: no script for prestart, continuing
7 info lifecycle jaysefapp@1.0.0~start: jaysefapp@1.0.0
8 verbose lifecycle jaysefapp@1.0.0~start: unsafe-perm in lifecycle true
9 verbose lifecycle jaysefapp@1.0.0~start: PATH: D:\Program Files\nodejs\node_modules\npm\bin\node-gyp-bin;D:\Work for fun\Application\Javascript\JaysefApp\node_modules\.bin;D:\Program Files\cmder\bin;D:\Program Files\cmder\vendor\conemu-maximus5\ConEmu\Scripts;D:\Program Files\cmder\vendor\conemu-maximus5;D:\Program Files\cmder\vendor\conemu-maximus5\ConEmu;C:\Program Files (x86)\Google\Chrome\Application;C:\Program Files\Common Files\Microsoft Shared\Windows Live;C:\Program Files (x86)\Common Files\Microsoft Shared\Windows Live;C:\ProgramData\Oracle\Java\javapath;C:\Windows\system32;C:\Windows;C:\Windows\System32\Wbem;C:\Windows\System32\WindowsPowerShell\v1.0\;C:\Program Files (x86)\ATI Technologies\ATI.ACE\Core-Static;C:\Program Files\WIDCOMM\Bluetooth Software\;C:\Program Files\WIDCOMM\Bluetooth Software\syswow64;C:\Program Files\Microsoft SQL Server\110\Tools\Binn\;C:\Program Files (x86)\Microsoft SDKs\TypeScript\1.0\;D:\Program Files\Matlab\runtime\win64;D:\Program Files\Matlab\bin;D:\Program Files\Matlab\polyspace\bin;D:\Program Files\Java\jdk 1.8.0_25\bin;C:\Program Files (x86)\Windows Live\Shared;D:\opencv2411\build\x64\vc12\bin;D:\wamp\bin\php\php5.5.12;C:\ProgramData\ComposerSetup\bin;D:\Program Files\Git\bin;D:\Program Files\maven\bin;C:\Program Files\Git\cmd;D:\Python27;D:\Program Files\Sublime Text 3;D:\Program Files\nodejs\;C:\Users\Administrateur\AppData\Roaming\npm;D:\Program Files\MongoDB\Server\3.4\bin;C:\Program Files (x86)\Skype\Phone\;C:\Program Files\Oracle\VirtualBox;D:\Program Files\PostgreSQL\9.6\bin;D:\Program Files (x86)\Nmap;D:\Program Files\Git\usr\bin;D:\Program Files\Git\usr\share\vim\vim74;D:\Program Files\cmder\
10 verbose lifecycle jaysefapp@1.0.0~start: CWD: D:\Work for fun\Application\Javascript\JaysefApp
11 silly lifecycle jaysefapp@1.0.0~start: Args: [ '/d /s /c', 'node server/server.js' ]
12 silly lifecycle jaysefapp@1.0.0~start: Returned: code: 1  signal: null
13 info lifecycle jaysefapp@1.0.0~start: Failed to exec start script
14 verbose stack Error: jaysefapp@1.0.0 start: `node server/server.js`
14 verbose stack Exit status 1
14 verbose stack     at EventEmitter.<anonymous> (D:\Program Files\nodejs\node_modules\npm\lib\utils\lifecycle.js:255:16)
14 verbose stack     at emitTwo (events.js:106:13)
14 verbose stack     at EventEmitter.emit (events.js:191:7)
14 verbose stack     at ChildProcess.<anonymous> (D:\Program Files\nodejs\node_modules\npm\lib\utils\spawn.js:40:14)
14 verbose stack     at emitTwo (events.js:106:13)
14 verbose stack     at ChildProcess.emit (events.js:191:7)
14 verbose stack     at maybeClose (internal/child_process.js:920:16)
14 verbose stack     at Process.ChildProcess._handle.onexit (internal/child_process.js:230:5)
15 verbose pkgid jaysefapp@1.0.0
16 verbose cwd D:\Work for fun\Application\Javascript\JaysefApp\server\models
17 error Windows_NT 6.1.7601
18 error argv "D:\\Program Files\\nodejs\\node.exe" "D:\\Program Files\\nodejs\\node_modules\\npm\\bin\\npm-cli.js" "start"
19 error node v6.11.5
20 error npm  v3.10.10
21 error code ELIFECYCLE
22 error jaysefapp@1.0.0 start: `node server/server.js`
22 error Exit status 1
23 error Failed at the jaysefapp@1.0.0 start script 'node server/server.js'.
23 error Make sure you have the latest version of node.js and npm installed.
23 error If you do, this is most likely a problem with the jaysefapp package,
23 error not with npm itself.
23 error Tell the author that this fails on your system:
23 error     node server/server.js
23 error You can get information on how to open an issue for this project with:
23 error     npm bugs jaysefapp
23 error Or if that isn't available, you can get their info via:
23 error     npm owner ls jaysefapp
23 error There is likely additional logging output above.
24 verbose exit [ 1, true ]
